Flow report for master
Fri Dec 14 12:20:17 2018
Quartus II 64-Bit Version 13.1.0 Build 162 10/23/2013 SJ Web Edition


---------------------
; Table of Contents ;
---------------------
  1. Legal Notice
  2. Flow Summary
  3. Flow Settings
  4. Flow Non-Default Global Settings
  5. Flow Elapsed Time
  6. Flow OS Summary
  7. Flow Log
  8. Flow Messages
  9. Flow Suppressed Messages



----------------
; Legal Notice ;
----------------
Copyright (C) 1991-2013 Altera Corporation
Your use of Altera Corporation's design tools, logic functions 
and other software and tools, and its AMPP partner logic 
functions, and any output files from any of the foregoing 
(including device programming or simulation files), and any 
associated documentation or information are expressly subject 
to the terms and conditions of the Altera Program License 
Subscription Agreement, Altera MegaCore Function License 
Agreement, or other applicable license agreement, including, 
without limitation, that your use is for the sole purpose of 
programming logic devices manufactured by Altera and sold by 
Altera or its authorized distributors.  Please refer to the 
applicable agreement for further details.



+---------------------------------------------------------------------------------+
; Flow Summary                                                                    ;
+------------------------------------+--------------------------------------------+
; Flow Status                        ; Successful - Fri Dec 14 12:20:17 2018      ;
; Quartus II 64-Bit Version          ; 13.1.0 Build 162 10/23/2013 SJ Web Edition ;
; Revision Name                      ; master                                     ;
; Top-level Entity Name              ; master                                     ;
; Family                             ; Cyclone III                                ;
; Device                             ; EP3C16U484C8                               ;
; Timing Models                      ; Final                                      ;
; Total logic elements               ; 1,999 / 15,408 ( 13 % )                    ;
;     Total combinational functions  ; 1,831 / 15,408 ( 12 % )                    ;
;     Dedicated logic registers      ; 1,183 / 15,408 ( 8 % )                     ;
; Total registers                    ; 1183                                       ;
; Total pins                         ; 19 / 347 ( 5 % )                           ;
; Total virtual pins                 ; 0                                          ;
; Total memory bits                  ; 142,048 / 516,096 ( 28 % )                 ;
; Embedded Multiplier 9-bit elements ; 0 / 112 ( 0 % )                            ;
; Total PLLs                         ; 0 / 4 ( 0 % )                              ;
+------------------------------------+--------------------------------------------+


+-----------------------------------------+
; Flow Settings                           ;
+-------------------+---------------------+
; Option            ; Setting             ;
+-------------------+---------------------+
; Start date & time ; 12/14/2018 12:19:00 ;
; Main task         ; Compilation         ;
; Revision Name     ; master              ;
+-------------------+---------------------+


+-------------------------------------------------------------------------------------------------------------------------------------------------------------------------------+
; Flow Non-Default Global Settings                                                                                                                                              ;
+-------------------------------------+----------------------------------------------------------+---------------+---------------------------------------------+----------------+
; Assignment Name                     ; Value                                                    ; Default Value ; Entity Name                                 ; Section Id     ;
+-------------------------------------+----------------------------------------------------------+---------------+---------------------------------------------+----------------+
; COMPILER_SIGNATURE_ID               ; 622601023067.154478993912064                             ; --            ; --                                          ; --             ;
; EDA_OUTPUT_DATA_FORMAT              ; Vhdl                                                     ; --            ; --                                          ; eda_simulation ;
; EDA_SIMULATION_TOOL                 ; ModelSim-Altera (VHDL)                                   ; <None>        ; --                                          ; --             ;
; IP_TOOL_ENV                         ; Qsys                                                     ; --            ; altera_avalon_sc_fifo                       ; --             ;
; IP_TOOL_ENV                         ; Qsys                                                     ; --            ; altera_merlin_master_agent                  ; --             ;
; IP_TOOL_ENV                         ; Qsys                                                     ; --            ; altera_merlin_master_translator             ; --             ;
; IP_TOOL_ENV                         ; Qsys                                                     ; --            ; altera_merlin_slave_agent                   ; --             ;
; IP_TOOL_ENV                         ; Qsys                                                     ; --            ; altera_merlin_slave_translator              ; --             ;
; IP_TOOL_ENV                         ; Qsys                                                     ; --            ; altera_reset_controller                     ; --             ;
; IP_TOOL_ENV                         ; Qsys                                                     ; --            ; --                                          ; --             ;
; IP_TOOL_ENV                         ; Qsys                                                     ; --            ; master_irq_mapper                           ; --             ;
; IP_TOOL_ENV                         ; Qsys                                                     ; --            ; master_jtag_uart_0                          ; --             ;
; IP_TOOL_ENV                         ; Qsys                                                     ; --            ; master_mm_interconnect_0                    ; --             ;
; IP_TOOL_ENV                         ; Qsys                                                     ; --            ; master_mm_interconnect_0_addr_router        ; --             ;
; IP_TOOL_ENV                         ; Qsys                                                     ; --            ; master_mm_interconnect_0_addr_router_001    ; --             ;
; IP_TOOL_ENV                         ; Qsys                                                     ; --            ; master_mm_interconnect_0_cmd_xbar_demux     ; --             ;
; IP_TOOL_ENV                         ; Qsys                                                     ; --            ; master_mm_interconnect_0_cmd_xbar_demux_001 ; --             ;
; IP_TOOL_ENV                         ; Qsys                                                     ; --            ; master_mm_interconnect_0_cmd_xbar_mux       ; --             ;
; IP_TOOL_ENV                         ; Qsys                                                     ; --            ; master_mm_interconnect_0_cmd_xbar_mux_002   ; --             ;
; IP_TOOL_ENV                         ; Qsys                                                     ; --            ; master_mm_interconnect_0_id_router          ; --             ;
; IP_TOOL_ENV                         ; Qsys                                                     ; --            ; master_mm_interconnect_0_id_router_002      ; --             ;
; IP_TOOL_ENV                         ; Qsys                                                     ; --            ; master_mm_interconnect_0_rsp_xbar_demux_002 ; --             ;
; IP_TOOL_ENV                         ; Qsys                                                     ; --            ; master_mm_interconnect_0_rsp_xbar_mux       ; --             ;
; IP_TOOL_ENV                         ; Qsys                                                     ; --            ; master_mm_interconnect_0_rsp_xbar_mux_001   ; --             ;
; IP_TOOL_ENV                         ; Qsys                                                     ; --            ; master_nios2_qsys_0                         ; --             ;
; IP_TOOL_ENV                         ; Qsys                                                     ; --            ; master_onchip_memory2_0                     ; --             ;
; IP_TOOL_ENV                         ; Qsys                                                     ; --            ; master_pio_0                                ; --             ;
; IP_TOOL_ENV                         ; Qsys                                                     ; --            ; master_pio_1                                ; --             ;
; IP_TOOL_ENV                         ; Qsys                                                     ; --            ; master_pio_2                                ; --             ;
; IP_TOOL_ENV                         ; Qsys                                                     ; --            ; master_pio_4                                ; --             ;
; IP_TOOL_ENV                         ; Qsys                                                     ; --            ; master_spi_0                                ; --             ;
; IP_TOOL_ENV                         ; Qsys                                                     ; --            ; master_timer_0                              ; --             ;
; IP_TOOL_NAME                        ; altera_avalon_sc_fifo                                    ; --            ; altera_avalon_sc_fifo                       ; --             ;
; IP_TOOL_NAME                        ; altera_merlin_master_agent                               ; --            ; altera_merlin_master_agent                  ; --             ;
; IP_TOOL_NAME                        ; altera_merlin_master_translator                          ; --            ; altera_merlin_master_translator             ; --             ;
; IP_TOOL_NAME                        ; altera_merlin_slave_agent                                ; --            ; altera_merlin_slave_agent                   ; --             ;
; IP_TOOL_NAME                        ; altera_merlin_slave_translator                           ; --            ; altera_merlin_slave_translator              ; --             ;
; IP_TOOL_NAME                        ; altera_reset_controller                                  ; --            ; altera_reset_controller                     ; --             ;
; IP_TOOL_NAME                        ; Qsys                                                     ; --            ; --                                          ; --             ;
; IP_TOOL_NAME                        ; altera_irq_mapper                                        ; --            ; master_irq_mapper                           ; --             ;
; IP_TOOL_NAME                        ; altera_avalon_jtag_uart                                  ; --            ; master_jtag_uart_0                          ; --             ;
; IP_TOOL_NAME                        ; altera_merlin_interconnect_wrapper                       ; --            ; master_mm_interconnect_0                    ; --             ;
; IP_TOOL_NAME                        ; altera_merlin_router                                     ; --            ; master_mm_interconnect_0_addr_router        ; --             ;
; IP_TOOL_NAME                        ; altera_merlin_router                                     ; --            ; master_mm_interconnect_0_addr_router_001    ; --             ;
; IP_TOOL_NAME                        ; altera_merlin_demultiplexer                              ; --            ; master_mm_interconnect_0_cmd_xbar_demux     ; --             ;
; IP_TOOL_NAME                        ; altera_merlin_demultiplexer                              ; --            ; master_mm_interconnect_0_cmd_xbar_demux_001 ; --             ;
; IP_TOOL_NAME                        ; altera_merlin_multiplexer                                ; --            ; master_mm_interconnect_0_cmd_xbar_mux       ; --             ;
; IP_TOOL_NAME                        ; altera_merlin_multiplexer                                ; --            ; master_mm_interconnect_0_cmd_xbar_mux_002   ; --             ;
; IP_TOOL_NAME                        ; altera_merlin_router                                     ; --            ; master_mm_interconnect_0_id_router          ; --             ;
; IP_TOOL_NAME                        ; altera_merlin_router                                     ; --            ; master_mm_interconnect_0_id_router_002      ; --             ;
; IP_TOOL_NAME                        ; altera_merlin_demultiplexer                              ; --            ; master_mm_interconnect_0_rsp_xbar_demux_002 ; --             ;
; IP_TOOL_NAME                        ; altera_merlin_multiplexer                                ; --            ; master_mm_interconnect_0_rsp_xbar_mux       ; --             ;
; IP_TOOL_NAME                        ; altera_merlin_multiplexer                                ; --            ; master_mm_interconnect_0_rsp_xbar_mux_001   ; --             ;
; IP_TOOL_NAME                        ; altera_nios2_qsys                                        ; --            ; master_nios2_qsys_0                         ; --             ;
; IP_TOOL_NAME                        ; altera_avalon_onchip_memory2                             ; --            ; master_onchip_memory2_0                     ; --             ;
; IP_TOOL_NAME                        ; altera_avalon_pio                                        ; --            ; master_pio_0                                ; --             ;
; IP_TOOL_NAME                        ; altera_avalon_pio                                        ; --            ; master_pio_1                                ; --             ;
; IP_TOOL_NAME                        ; altera_avalon_pio                                        ; --            ; master_pio_2                                ; --             ;
; IP_TOOL_NAME                        ; altera_avalon_pio                                        ; --            ; master_pio_4                                ; --             ;
; IP_TOOL_NAME                        ; altera_avalon_spi                                        ; --            ; master_spi_0                                ; --             ;
; IP_TOOL_NAME                        ; altera_avalon_timer                                      ; --            ; master_timer_0                              ; --             ;
; IP_TOOL_VERSION                     ; 13.1                                                     ; --            ; altera_avalon_sc_fifo                       ; --             ;
; IP_TOOL_VERSION                     ; 13.1                                                     ; --            ; altera_merlin_master_agent                  ; --             ;
; IP_TOOL_VERSION                     ; 13.1                                                     ; --            ; altera_merlin_master_translator             ; --             ;
; IP_TOOL_VERSION                     ; 13.1                                                     ; --            ; altera_merlin_slave_agent                   ; --             ;
; IP_TOOL_VERSION                     ; 13.1                                                     ; --            ; altera_merlin_slave_translator              ; --             ;
; IP_TOOL_VERSION                     ; 13.1                                                     ; --            ; altera_reset_controller                     ; --             ;
; IP_TOOL_VERSION                     ; 13.1                                                     ; --            ; --                                          ; --             ;
; IP_TOOL_VERSION                     ; 13.1                                                     ; --            ; master_irq_mapper                           ; --             ;
; IP_TOOL_VERSION                     ; 13.1                                                     ; --            ; master_jtag_uart_0                          ; --             ;
; IP_TOOL_VERSION                     ; 13.1                                                     ; --            ; master_mm_interconnect_0                    ; --             ;
; IP_TOOL_VERSION                     ; 13.1                                                     ; --            ; master_mm_interconnect_0_addr_router        ; --             ;
; IP_TOOL_VERSION                     ; 13.1                                                     ; --            ; master_mm_interconnect_0_addr_router_001    ; --             ;
; IP_TOOL_VERSION                     ; 13.1                                                     ; --            ; master_mm_interconnect_0_cmd_xbar_demux     ; --             ;
; IP_TOOL_VERSION                     ; 13.1                                                     ; --            ; master_mm_interconnect_0_cmd_xbar_demux_001 ; --             ;
; IP_TOOL_VERSION                     ; 13.1                                                     ; --            ; master_mm_interconnect_0_cmd_xbar_mux       ; --             ;
; IP_TOOL_VERSION                     ; 13.1                                                     ; --            ; master_mm_interconnect_0_cmd_xbar_mux_002   ; --             ;
; IP_TOOL_VERSION                     ; 13.1                                                     ; --            ; master_mm_interconnect_0_id_router          ; --             ;
; IP_TOOL_VERSION                     ; 13.1                                                     ; --            ; master_mm_interconnect_0_id_router_002      ; --             ;
; IP_TOOL_VERSION                     ; 13.1                                                     ; --            ; master_mm_interconnect_0_rsp_xbar_demux_002 ; --             ;
; IP_TOOL_VERSION                     ; 13.1                                                     ; --            ; master_mm_interconnect_0_rsp_xbar_mux       ; --             ;
; IP_TOOL_VERSION                     ; 13.1                                                     ; --            ; master_mm_interconnect_0_rsp_xbar_mux_001   ; --             ;
; IP_TOOL_VERSION                     ; 13.1                                                     ; --            ; master_nios2_qsys_0                         ; --             ;
; IP_TOOL_VERSION                     ; 13.1                                                     ; --            ; master_onchip_memory2_0                     ; --             ;
; IP_TOOL_VERSION                     ; 13.1                                                     ; --            ; master_pio_0                                ; --             ;
; IP_TOOL_VERSION                     ; 13.1                                                     ; --            ; master_pio_1                                ; --             ;
; IP_TOOL_VERSION                     ; 13.1                                                     ; --            ; master_pio_2                                ; --             ;
; IP_TOOL_VERSION                     ; 13.1                                                     ; --            ; master_pio_4                                ; --             ;
; IP_TOOL_VERSION                     ; 13.1                                                     ; --            ; master_spi_0                                ; --             ;
; IP_TOOL_VERSION                     ; 13.1                                                     ; --            ; master_timer_0                              ; --             ;
; MAX_CORE_JUNCTION_TEMP              ; 85                                                       ; --            ; --                                          ; --             ;
; MIN_CORE_JUNCTION_TEMP              ; 0                                                        ; --            ; --                                          ; --             ;
; MISC_FILE                           ; master/synthesis/../../master.cmp                        ; --            ; --                                          ; --             ;
; MISC_FILE                           ; master/synthesis/../../master.qsys                       ; --            ; --                                          ; --             ;
; NOMINAL_CORE_SUPPLY_VOLTAGE         ; 1.2V                                                     ; --            ; --                                          ; --             ;
; PARTITION_COLOR                     ; 16764057                                                 ; --            ; --                                          ; Top            ;
; PARTITION_FITTER_PRESERVATION_LEVEL ; PLACEMENT_AND_ROUTING                                    ; --            ; --                                          ; Top            ;
; PARTITION_NETLIST_TYPE              ; SOURCE                                                   ; --            ; --                                          ; Top            ;
; POWER_BOARD_THERMAL_MODEL           ; None (CONSERVATIVE)                                      ; --            ; --                                          ; --             ;
; POWER_PRESET_COOLING_SOLUTION       ; 23 MM HEAT SINK WITH 200 LFPM AIRFLOW                    ; --            ; --                                          ; --             ;
; PROJECT_OUTPUT_DIRECTORY            ; output_files                                             ; --            ; --                                          ; --             ;
; SLD_FILE                            ; master/synthesis/master.regmap                           ; --            ; --                                          ; --             ;
; SLD_FILE                            ; master/synthesis/master.debuginfo                        ; --            ; --                                          ; --             ;
; SLD_INFO                            ; QSYS_NAME master HAS_SOPCINFO 1 GENERATION_ID 1544789255 ; --            ; --                                          ; --             ;
; SOPCINFO_FILE                       ; master/synthesis/../../master.sopcinfo                   ; --            ; --                                          ; --             ;
; SYNTHESIS_ONLY_QIP                  ; On                                                       ; --            ; --                                          ; --             ;
+-------------------------------------+----------------------------------------------------------+---------------+---------------------------------------------+----------------+


+-------------------------------------------------------------------------------------------------------------------------------+
; Flow Elapsed Time                                                                                                             ;
+---------------------------+--------------+-------------------------+---------------------+------------------------------------+
; Module Name               ; Elapsed Time ; Average Processors Used ; Peak Virtual Memory ; Total CPU Time (on all processors) ;
+---------------------------+--------------+-------------------------+---------------------+------------------------------------+
; Analysis & Synthesis      ; 00:00:20     ; 1.0                     ; 4768 MB             ; 00:00:19                           ;
; Fitter                    ; 00:00:29     ; 1.0                     ; 5029 MB             ; 00:00:22                           ;
; Assembler                 ; 00:00:03     ; 1.0                     ; 4608 MB             ; 00:00:03                           ;
; TimeQuest Timing Analyzer ; 00:00:07     ; 1.0                     ; 4676 MB             ; 00:00:05                           ;
; EDA Netlist Writer        ; 00:00:06     ; 1.0                     ; 4593 MB             ; 00:00:06                           ;
; Total                     ; 00:01:05     ; --                      ; --                  ; 00:00:55                           ;
+---------------------------+--------------+-------------------------+---------------------+------------------------------------+


+----------------------------------------------------------------------------------------+
; Flow OS Summary                                                                        ;
+---------------------------+------------------+-----------+------------+----------------+
; Module Name               ; Machine Hostname ; OS Name   ; OS Version ; Processor type ;
+---------------------------+------------------+-----------+------------+----------------+
; Analysis & Synthesis      ; DESKTOP-BPC981N  ; Windows 7 ; 6.2        ; x86_64         ;
; Fitter                    ; DESKTOP-BPC981N  ; Windows 7 ; 6.2        ; x86_64         ;
; Assembler                 ; DESKTOP-BPC981N  ; Windows 7 ; 6.2        ; x86_64         ;
; TimeQuest Timing Analyzer ; DESKTOP-BPC981N  ; Windows 7 ; 6.2        ; x86_64         ;
; EDA Netlist Writer        ; DESKTOP-BPC981N  ; Windows 7 ; 6.2        ; x86_64         ;
+---------------------------+------------------+-----------+------------+----------------+


------------
; Flow Log ;
------------
quartus_map --read_settings_files=on --write_settings_files=off master -c master
quartus_fit --read_settings_files=off --write_settings_files=off master -c master
quartus_asm --read_settings_files=off --write_settings_files=off master -c master
quartus_sta master -c master
quartus_eda --read_settings_files=off --write_settings_files=off master -c master



