Flow report for Lab5
Thu Nov 22 16:40:28 2018
Quartus II 64-Bit Version 13.1.0 Build 162 10/23/2013 SJ Web Edition


---------------------
; Table of Contents ;
---------------------
  1. Legal Notice
  2. Flow Summary
  3. Flow Settings
  4. Flow Non-Default Global Settings
  5. Flow Elapsed Time
  6. Flow OS Summary
  7. Flow Log
  8. Flow Messages
  9. Flow Suppressed Messages



----------------
; Legal Notice ;
----------------
Copyright (C) 1991-2013 Altera Corporation
Your use of Altera Corporation's design tools, logic functions 
and other software and tools, and its AMPP partner logic 
functions, and any output files from any of the foregoing 
(including device programming or simulation files), and any 
associated documentation or information are expressly subject 
to the terms and conditions of the Altera Program License 
Subscription Agreement, Altera MegaCore Function License 
Agreement, or other applicable license agreement, including, 
without limitation, that your use is for the sole purpose of 
programming logic devices manufactured by Altera and sold by 
Altera or its authorized distributors.  Please refer to the 
applicable agreement for further details.



+---------------------------------------------------------------------------------+
; Flow Summary                                                                    ;
+------------------------------------+--------------------------------------------+
; Flow Status                        ; Successful - Thu Nov 22 16:40:28 2018      ;
; Quartus II 64-Bit Version          ; 13.1.0 Build 162 10/23/2013 SJ Web Edition ;
; Revision Name                      ; Lab5                                       ;
; Top-level Entity Name              ; Lab5                                       ;
; Family                             ; Cyclone III                                ;
; Device                             ; EP3C16F484C6                               ;
; Timing Models                      ; Final                                      ;
; Total logic elements               ; 3,634 / 15,408 ( 24 % )                    ;
;     Total combinational functions  ; 3,392 / 15,408 ( 22 % )                    ;
;     Dedicated logic registers      ; 2,002 / 15,408 ( 13 % )                    ;
; Total registers                    ; 2002                                       ;
; Total pins                         ; 18 / 347 ( 5 % )                           ;
; Total virtual pins                 ; 0                                          ;
; Total memory bits                  ; 291,552 / 516,096 ( 56 % )                 ;
; Embedded Multiplier 9-bit elements ; 0 / 112 ( 0 % )                            ;
; Total PLLs                         ; 0 / 4 ( 0 % )                              ;
+------------------------------------+--------------------------------------------+


+-----------------------------------------+
; Flow Settings                           ;
+-------------------+---------------------+
; Option            ; Setting             ;
+-------------------+---------------------+
; Start date & time ; 11/22/2018 16:38:37 ;
; Main task         ; Compilation         ;
; Revision Name     ; Lab5                ;
+-------------------+---------------------+


+---------------------------------------------------------------------------------------------------------------------------------------------------------------------------+
; Flow Non-Default Global Settings                                                                                                                                          ;
+-------------------------------------+--------------------------------------------------------+---------------+-------------------------------------------+----------------+
; Assignment Name                     ; Value                                                  ; Default Value ; Entity Name                               ; Section Id     ;
+-------------------------------------+--------------------------------------------------------+---------------+-------------------------------------------+----------------+
; COMPILER_SIGNATURE_ID               ; 622601023067.154290471703264                           ; --            ; --                                        ; --             ;
; EDA_OUTPUT_DATA_FORMAT              ; Vhdl                                                   ; --            ; --                                        ; eda_simulation ;
; EDA_SIMULATION_TOOL                 ; ModelSim-Altera (VHDL)                                 ; <None>        ; --                                        ; --             ;
; IP_TOOL_ENV                         ; Qsys                                                   ; --            ; --                                        ; --             ;
; IP_TOOL_ENV                         ; Qsys                                                   ; --            ; Lab5_ET_Core                              ; --             ;
; IP_TOOL_ENV                         ; Qsys                                                   ; --            ; Lab5_ET_Core_Memory                       ; --             ;
; IP_TOOL_ENV                         ; Qsys                                                   ; --            ; Lab5_TT_Core                              ; --             ;
; IP_TOOL_ENV                         ; Qsys                                                   ; --            ; Lab5_TT_core_memory                       ; --             ;
; IP_TOOL_ENV                         ; Qsys                                                   ; --            ; Lab5_et_leds1                             ; --             ;
; IP_TOOL_ENV                         ; Qsys                                                   ; --            ; Lab5_et_pb_1                              ; --             ;
; IP_TOOL_ENV                         ; Qsys                                                   ; --            ; Lab5_et_spi_0                             ; --             ;
; IP_TOOL_ENV                         ; Qsys                                                   ; --            ; Lab5_et_spican_int                        ; --             ;
; IP_TOOL_ENV                         ; Qsys                                                   ; --            ; Lab5_irq_mapper                           ; --             ;
; IP_TOOL_ENV                         ; Qsys                                                   ; --            ; Lab5_irq_mapper_001                       ; --             ;
; IP_TOOL_ENV                         ; Qsys                                                   ; --            ; Lab5_jtag_uart_0                          ; --             ;
; IP_TOOL_ENV                         ; Qsys                                                   ; --            ; Lab5_mm_interconnect_0                    ; --             ;
; IP_TOOL_ENV                         ; Qsys                                                   ; --            ; Lab5_mm_interconnect_0_addr_router        ; --             ;
; IP_TOOL_ENV                         ; Qsys                                                   ; --            ; Lab5_mm_interconnect_0_addr_router_001    ; --             ;
; IP_TOOL_ENV                         ; Qsys                                                   ; --            ; Lab5_mm_interconnect_0_addr_router_002    ; --             ;
; IP_TOOL_ENV                         ; Qsys                                                   ; --            ; Lab5_mm_interconnect_0_addr_router_003    ; --             ;
; IP_TOOL_ENV                         ; Qsys                                                   ; --            ; Lab5_mm_interconnect_0_cmd_xbar_demux     ; --             ;
; IP_TOOL_ENV                         ; Qsys                                                   ; --            ; Lab5_mm_interconnect_0_cmd_xbar_demux_001 ; --             ;
; IP_TOOL_ENV                         ; Qsys                                                   ; --            ; Lab5_mm_interconnect_0_cmd_xbar_demux_002 ; --             ;
; IP_TOOL_ENV                         ; Qsys                                                   ; --            ; Lab5_mm_interconnect_0_cmd_xbar_mux       ; --             ;
; IP_TOOL_ENV                         ; Qsys                                                   ; --            ; Lab5_mm_interconnect_0_cmd_xbar_mux_004   ; --             ;
; IP_TOOL_ENV                         ; Qsys                                                   ; --            ; Lab5_mm_interconnect_0_id_router          ; --             ;
; IP_TOOL_ENV                         ; Qsys                                                   ; --            ; Lab5_mm_interconnect_0_id_router_002      ; --             ;
; IP_TOOL_ENV                         ; Qsys                                                   ; --            ; Lab5_mm_interconnect_0_id_router_004      ; --             ;
; IP_TOOL_ENV                         ; Qsys                                                   ; --            ; Lab5_mm_interconnect_0_id_router_012      ; --             ;
; IP_TOOL_ENV                         ; Qsys                                                   ; --            ; Lab5_mm_interconnect_0_id_router_013      ; --             ;
; IP_TOOL_ENV                         ; Qsys                                                   ; --            ; Lab5_mm_interconnect_0_rsp_xbar_demux_004 ; --             ;
; IP_TOOL_ENV                         ; Qsys                                                   ; --            ; Lab5_mm_interconnect_0_rsp_xbar_mux       ; --             ;
; IP_TOOL_ENV                         ; Qsys                                                   ; --            ; Lab5_mm_interconnect_0_rsp_xbar_mux_001   ; --             ;
; IP_TOOL_ENV                         ; Qsys                                                   ; --            ; Lab5_mm_interconnect_0_rsp_xbar_mux_002   ; --             ;
; IP_TOOL_ENV                         ; Qsys                                                   ; --            ; Lab5_msg_buf_mutex                        ; --             ;
; IP_TOOL_ENV                         ; Qsys                                                   ; --            ; Lab5_msg_buf_ram                          ; --             ;
; IP_TOOL_ENV                         ; Qsys                                                   ; --            ; Lab5_pio_0                                ; --             ;
; IP_TOOL_ENV                         ; Qsys                                                   ; --            ; Lab5_tt_leds                              ; --             ;
; IP_TOOL_ENV                         ; Qsys                                                   ; --            ; Lab5_tt_timer_1                           ; --             ;
; IP_TOOL_ENV                         ; Qsys                                                   ; --            ; altera_avalon_sc_fifo                     ; --             ;
; IP_TOOL_ENV                         ; Qsys                                                   ; --            ; altera_merlin_master_agent                ; --             ;
; IP_TOOL_ENV                         ; Qsys                                                   ; --            ; altera_merlin_master_translator           ; --             ;
; IP_TOOL_ENV                         ; Qsys                                                   ; --            ; altera_merlin_slave_agent                 ; --             ;
; IP_TOOL_ENV                         ; Qsys                                                   ; --            ; altera_merlin_slave_translator            ; --             ;
; IP_TOOL_ENV                         ; Qsys                                                   ; --            ; altera_reset_controller                   ; --             ;
; IP_TOOL_NAME                        ; Qsys                                                   ; --            ; --                                        ; --             ;
; IP_TOOL_NAME                        ; altera_nios2_qsys                                      ; --            ; Lab5_ET_Core                              ; --             ;
; IP_TOOL_NAME                        ; altera_avalon_onchip_memory2                           ; --            ; Lab5_ET_Core_Memory                       ; --             ;
; IP_TOOL_NAME                        ; altera_nios2_qsys                                      ; --            ; Lab5_TT_Core                              ; --             ;
; IP_TOOL_NAME                        ; altera_avalon_onchip_memory2                           ; --            ; Lab5_TT_core_memory                       ; --             ;
; IP_TOOL_NAME                        ; altera_avalon_pio                                      ; --            ; Lab5_et_leds1                             ; --             ;
; IP_TOOL_NAME                        ; altera_avalon_pio                                      ; --            ; Lab5_et_pb_1                              ; --             ;
; IP_TOOL_NAME                        ; altera_avalon_spi                                      ; --            ; Lab5_et_spi_0                             ; --             ;
; IP_TOOL_NAME                        ; altera_avalon_pio                                      ; --            ; Lab5_et_spican_int                        ; --             ;
; IP_TOOL_NAME                        ; altera_irq_mapper                                      ; --            ; Lab5_irq_mapper                           ; --             ;
; IP_TOOL_NAME                        ; altera_irq_mapper                                      ; --            ; Lab5_irq_mapper_001                       ; --             ;
; IP_TOOL_NAME                        ; altera_avalon_jtag_uart                                ; --            ; Lab5_jtag_uart_0                          ; --             ;
; IP_TOOL_NAME                        ; altera_merlin_interconnect_wrapper                     ; --            ; Lab5_mm_interconnect_0                    ; --             ;
; IP_TOOL_NAME                        ; altera_merlin_router                                   ; --            ; Lab5_mm_interconnect_0_addr_router        ; --             ;
; IP_TOOL_NAME                        ; altera_merlin_router                                   ; --            ; Lab5_mm_interconnect_0_addr_router_001    ; --             ;
; IP_TOOL_NAME                        ; altera_merlin_router                                   ; --            ; Lab5_mm_interconnect_0_addr_router_002    ; --             ;
; IP_TOOL_NAME                        ; altera_merlin_router                                   ; --            ; Lab5_mm_interconnect_0_addr_router_003    ; --             ;
; IP_TOOL_NAME                        ; altera_merlin_demultiplexer                            ; --            ; Lab5_mm_interconnect_0_cmd_xbar_demux     ; --             ;
; IP_TOOL_NAME                        ; altera_merlin_demultiplexer                            ; --            ; Lab5_mm_interconnect_0_cmd_xbar_demux_001 ; --             ;
; IP_TOOL_NAME                        ; altera_merlin_demultiplexer                            ; --            ; Lab5_mm_interconnect_0_cmd_xbar_demux_002 ; --             ;
; IP_TOOL_NAME                        ; altera_merlin_multiplexer                              ; --            ; Lab5_mm_interconnect_0_cmd_xbar_mux       ; --             ;
; IP_TOOL_NAME                        ; altera_merlin_multiplexer                              ; --            ; Lab5_mm_interconnect_0_cmd_xbar_mux_004   ; --             ;
; IP_TOOL_NAME                        ; altera_merlin_router                                   ; --            ; Lab5_mm_interconnect_0_id_router          ; --             ;
; IP_TOOL_NAME                        ; altera_merlin_router                                   ; --            ; Lab5_mm_interconnect_0_id_router_002      ; --             ;
; IP_TOOL_NAME                        ; altera_merlin_router                                   ; --            ; Lab5_mm_interconnect_0_id_router_004      ; --             ;
; IP_TOOL_NAME                        ; altera_merlin_router                                   ; --            ; Lab5_mm_interconnect_0_id_router_012      ; --             ;
; IP_TOOL_NAME                        ; altera_merlin_router                                   ; --            ; Lab5_mm_interconnect_0_id_router_013      ; --             ;
; IP_TOOL_NAME                        ; altera_merlin_demultiplexer                            ; --            ; Lab5_mm_interconnect_0_rsp_xbar_demux_004 ; --             ;
; IP_TOOL_NAME                        ; altera_merlin_multiplexer                              ; --            ; Lab5_mm_interconnect_0_rsp_xbar_mux       ; --             ;
; IP_TOOL_NAME                        ; altera_merlin_multiplexer                              ; --            ; Lab5_mm_interconnect_0_rsp_xbar_mux_001   ; --             ;
; IP_TOOL_NAME                        ; altera_merlin_multiplexer                              ; --            ; Lab5_mm_interconnect_0_rsp_xbar_mux_002   ; --             ;
; IP_TOOL_NAME                        ; altera_avalon_mutex                                    ; --            ; Lab5_msg_buf_mutex                        ; --             ;
; IP_TOOL_NAME                        ; altera_avalon_onchip_memory2                           ; --            ; Lab5_msg_buf_ram                          ; --             ;
; IP_TOOL_NAME                        ; altera_avalon_pio                                      ; --            ; Lab5_pio_0                                ; --             ;
; IP_TOOL_NAME                        ; altera_avalon_pio                                      ; --            ; Lab5_tt_leds                              ; --             ;
; IP_TOOL_NAME                        ; altera_avalon_timer                                    ; --            ; Lab5_tt_timer_1                           ; --             ;
; IP_TOOL_NAME                        ; altera_avalon_sc_fifo                                  ; --            ; altera_avalon_sc_fifo                     ; --             ;
; IP_TOOL_NAME                        ; altera_merlin_master_agent                             ; --            ; altera_merlin_master_agent                ; --             ;
; IP_TOOL_NAME                        ; altera_merlin_master_translator                        ; --            ; altera_merlin_master_translator           ; --             ;
; IP_TOOL_NAME                        ; altera_merlin_slave_agent                              ; --            ; altera_merlin_slave_agent                 ; --             ;
; IP_TOOL_NAME                        ; altera_merlin_slave_translator                         ; --            ; altera_merlin_slave_translator            ; --             ;
; IP_TOOL_NAME                        ; altera_reset_controller                                ; --            ; altera_reset_controller                   ; --             ;
; IP_TOOL_VERSION                     ; 13.1                                                   ; --            ; --                                        ; --             ;
; IP_TOOL_VERSION                     ; 13.1                                                   ; --            ; Lab5_ET_Core                              ; --             ;
; IP_TOOL_VERSION                     ; 13.1                                                   ; --            ; Lab5_ET_Core_Memory                       ; --             ;
; IP_TOOL_VERSION                     ; 13.1                                                   ; --            ; Lab5_TT_Core                              ; --             ;
; IP_TOOL_VERSION                     ; 13.1                                                   ; --            ; Lab5_TT_core_memory                       ; --             ;
; IP_TOOL_VERSION                     ; 13.1                                                   ; --            ; Lab5_et_leds1                             ; --             ;
; IP_TOOL_VERSION                     ; 13.1                                                   ; --            ; Lab5_et_pb_1                              ; --             ;
; IP_TOOL_VERSION                     ; 13.1                                                   ; --            ; Lab5_et_spi_0                             ; --             ;
; IP_TOOL_VERSION                     ; 13.1                                                   ; --            ; Lab5_et_spican_int                        ; --             ;
; IP_TOOL_VERSION                     ; 13.1                                                   ; --            ; Lab5_irq_mapper                           ; --             ;
; IP_TOOL_VERSION                     ; 13.1                                                   ; --            ; Lab5_irq_mapper_001                       ; --             ;
; IP_TOOL_VERSION                     ; 13.1                                                   ; --            ; Lab5_jtag_uart_0                          ; --             ;
; IP_TOOL_VERSION                     ; 13.1                                                   ; --            ; Lab5_mm_interconnect_0                    ; --             ;
; IP_TOOL_VERSION                     ; 13.1                                                   ; --            ; Lab5_mm_interconnect_0_addr_router        ; --             ;
; IP_TOOL_VERSION                     ; 13.1                                                   ; --            ; Lab5_mm_interconnect_0_addr_router_001    ; --             ;
; IP_TOOL_VERSION                     ; 13.1                                                   ; --            ; Lab5_mm_interconnect_0_addr_router_002    ; --             ;
; IP_TOOL_VERSION                     ; 13.1                                                   ; --            ; Lab5_mm_interconnect_0_addr_router_003    ; --             ;
; IP_TOOL_VERSION                     ; 13.1                                                   ; --            ; Lab5_mm_interconnect_0_cmd_xbar_demux     ; --             ;
; IP_TOOL_VERSION                     ; 13.1                                                   ; --            ; Lab5_mm_interconnect_0_cmd_xbar_demux_001 ; --             ;
; IP_TOOL_VERSION                     ; 13.1                                                   ; --            ; Lab5_mm_interconnect_0_cmd_xbar_demux_002 ; --             ;
; IP_TOOL_VERSION                     ; 13.1                                                   ; --            ; Lab5_mm_interconnect_0_cmd_xbar_mux       ; --             ;
; IP_TOOL_VERSION                     ; 13.1                                                   ; --            ; Lab5_mm_interconnect_0_cmd_xbar_mux_004   ; --             ;
; IP_TOOL_VERSION                     ; 13.1                                                   ; --            ; Lab5_mm_interconnect_0_id_router          ; --             ;
; IP_TOOL_VERSION                     ; 13.1                                                   ; --            ; Lab5_mm_interconnect_0_id_router_002      ; --             ;
; IP_TOOL_VERSION                     ; 13.1                                                   ; --            ; Lab5_mm_interconnect_0_id_router_004      ; --             ;
; IP_TOOL_VERSION                     ; 13.1                                                   ; --            ; Lab5_mm_interconnect_0_id_router_012      ; --             ;
; IP_TOOL_VERSION                     ; 13.1                                                   ; --            ; Lab5_mm_interconnect_0_id_router_013      ; --             ;
; IP_TOOL_VERSION                     ; 13.1                                                   ; --            ; Lab5_mm_interconnect_0_rsp_xbar_demux_004 ; --             ;
; IP_TOOL_VERSION                     ; 13.1                                                   ; --            ; Lab5_mm_interconnect_0_rsp_xbar_mux       ; --             ;
; IP_TOOL_VERSION                     ; 13.1                                                   ; --            ; Lab5_mm_interconnect_0_rsp_xbar_mux_001   ; --             ;
; IP_TOOL_VERSION                     ; 13.1                                                   ; --            ; Lab5_mm_interconnect_0_rsp_xbar_mux_002   ; --             ;
; IP_TOOL_VERSION                     ; 13.1                                                   ; --            ; Lab5_msg_buf_mutex                        ; --             ;
; IP_TOOL_VERSION                     ; 13.1                                                   ; --            ; Lab5_msg_buf_ram                          ; --             ;
; IP_TOOL_VERSION                     ; 13.1                                                   ; --            ; Lab5_pio_0                                ; --             ;
; IP_TOOL_VERSION                     ; 13.1                                                   ; --            ; Lab5_tt_leds                              ; --             ;
; IP_TOOL_VERSION                     ; 13.1                                                   ; --            ; Lab5_tt_timer_1                           ; --             ;
; IP_TOOL_VERSION                     ; 13.1                                                   ; --            ; altera_avalon_sc_fifo                     ; --             ;
; IP_TOOL_VERSION                     ; 13.1                                                   ; --            ; altera_merlin_master_agent                ; --             ;
; IP_TOOL_VERSION                     ; 13.1                                                   ; --            ; altera_merlin_master_translator           ; --             ;
; IP_TOOL_VERSION                     ; 13.1                                                   ; --            ; altera_merlin_slave_agent                 ; --             ;
; IP_TOOL_VERSION                     ; 13.1                                                   ; --            ; altera_merlin_slave_translator            ; --             ;
; IP_TOOL_VERSION                     ; 13.1                                                   ; --            ; altera_reset_controller                   ; --             ;
; MAX_CORE_JUNCTION_TEMP              ; 85                                                     ; --            ; --                                        ; --             ;
; MIN_CORE_JUNCTION_TEMP              ; 0                                                      ; --            ; --                                        ; --             ;
; MISC_FILE                           ; Lab5/synthesis/../../Lab5.cmp                          ; --            ; --                                        ; --             ;
; MISC_FILE                           ; Lab5/synthesis/../../Lab5.qsys                         ; --            ; --                                        ; --             ;
; NOMINAL_CORE_SUPPLY_VOLTAGE         ; 1.2V                                                   ; --            ; --                                        ; --             ;
; PARTITION_COLOR                     ; 16764057                                               ; --            ; --                                        ; Top            ;
; PARTITION_FITTER_PRESERVATION_LEVEL ; PLACEMENT_AND_ROUTING                                  ; --            ; --                                        ; Top            ;
; PARTITION_NETLIST_TYPE              ; SOURCE                                                 ; --            ; --                                        ; Top            ;
; POWER_BOARD_THERMAL_MODEL           ; None (CONSERVATIVE)                                    ; --            ; --                                        ; --             ;
; POWER_PRESET_COOLING_SOLUTION       ; 23 MM HEAT SINK WITH 200 LFPM AIRFLOW                  ; --            ; --                                        ; --             ;
; PROJECT_OUTPUT_DIRECTORY            ; output_files                                           ; --            ; --                                        ; --             ;
; SLD_FILE                            ; Lab5/synthesis/Lab5.regmap                             ; --            ; --                                        ; --             ;
; SLD_FILE                            ; Lab5/synthesis/Lab5.debuginfo                          ; --            ; --                                        ; --             ;
; SLD_INFO                            ; QSYS_NAME Lab5 HAS_SOPCINFO 1 GENERATION_ID 1542903990 ; --            ; --                                        ; --             ;
; SOPCINFO_FILE                       ; Lab5/synthesis/../../Lab5.sopcinfo                     ; --            ; --                                        ; --             ;
; SYNTHESIS_ONLY_QIP                  ; On                                                     ; --            ; --                                        ; --             ;
+-------------------------------------+--------------------------------------------------------+---------------+-------------------------------------------+----------------+


+-------------------------------------------------------------------------------------------------------------------------------+
; Flow Elapsed Time                                                                                                             ;
+---------------------------+--------------+-------------------------+---------------------+------------------------------------+
; Module Name               ; Elapsed Time ; Average Processors Used ; Peak Virtual Memory ; Total CPU Time (on all processors) ;
+---------------------------+--------------+-------------------------+---------------------+------------------------------------+
; Analysis & Synthesis      ; 00:00:33     ; 1.0                     ; 4828 MB             ; 00:00:32                           ;
; Fitter                    ; 00:00:42     ; 1.0                     ; 5068 MB             ; 00:00:31                           ;
; Assembler                 ; 00:00:04     ; 1.0                     ; 4621 MB             ; 00:00:03                           ;
; TimeQuest Timing Analyzer ; 00:00:08     ; 1.0                     ; 4694 MB             ; 00:00:06                           ;
; EDA Netlist Writer        ; 00:00:09     ; 1.0                     ; 4619 MB             ; 00:00:09                           ;
; Total                     ; 00:01:36     ; --                      ; --                  ; 00:01:21                           ;
+---------------------------+--------------+-------------------------+---------------------+------------------------------------+


+----------------------------------------------------------------------------------------+
; Flow OS Summary                                                                        ;
+---------------------------+------------------+-----------+------------+----------------+
; Module Name               ; Machine Hostname ; OS Name   ; OS Version ; Processor type ;
+---------------------------+------------------+-----------+------------+----------------+
; Analysis & Synthesis      ; DESKTOP-BPC981N  ; Windows 7 ; 6.2        ; x86_64         ;
; Fitter                    ; DESKTOP-BPC981N  ; Windows 7 ; 6.2        ; x86_64         ;
; Assembler                 ; DESKTOP-BPC981N  ; Windows 7 ; 6.2        ; x86_64         ;
; TimeQuest Timing Analyzer ; DESKTOP-BPC981N  ; Windows 7 ; 6.2        ; x86_64         ;
; EDA Netlist Writer        ; DESKTOP-BPC981N  ; Windows 7 ; 6.2        ; x86_64         ;
+---------------------------+------------------+-----------+------------+----------------+


------------
; Flow Log ;
------------
quartus_map --read_settings_files=on --write_settings_files=off Lab5 -c Lab5
quartus_fit --read_settings_files=off --write_settings_files=off Lab5 -c Lab5
quartus_asm --read_settings_files=off --write_settings_files=off Lab5 -c Lab5
quartus_sta Lab5 -c Lab5
quartus_eda --read_settings_files=off --write_settings_files=off Lab5 -c Lab5



